<?xml version="1.0" encoding="UTF-8"?>
<testsuite xmlns:xsi="http://www.w3.org/2001/XMLSchema-instance" xsi:noNamespaceSchemaLocation="https://maven.apache.org/surefire/maven-surefire-plugin/xsd/surefire-test-report-3.0.xsd" version="3.0" name="com.example.ejb.BeneficioEjbServiceTest" time="0.459" tests="13" errors="0" skipped="0" failures="0">
  <properties>
[...]
</properties>
  <testcase name="transferirOk" classname="com.example.ejb.BeneficioEjbServiceTest" time="0.259">
    <system-err><![CDATA[Nov 12, 2025 10:29:32 AM org.hibernate.jpa.internal.util.LogHelper logPersistenceUnitInformation
INFO: HHH000204: Processing PersistenceUnitInfo [name: test-pu]
Nov 12, 2025 10:29:32 AM org.hibernate.cache.internal.RegionFactoryInitiator initiateService
INFO: HHH000026: Second-level cache disabled
Nov 12, 2025 10:29:32 AM org.hibernate.engine.jdbc.connections.internal.DriverManagerConnectionProviderImpl configure
WARN: HHH10001002: Using built-in connection pool (not intended for production use)
Nov 12, 2025 10:29:32 AM org.hibernate.engine.jdbc.connections.internal.DriverManagerConnectionProviderImpl buildCreator
INFO: HHH10001005: Loaded JDBC driver class: org.h2.Driver
Nov 12, 2025 10:29:32 AM org.hibernate.engine.jdbc.connections.internal.DriverManagerConnectionProviderImpl buildCreator
INFO: HHH10001012: Connecting with JDBC URL [jdbc:h2:mem:ejbtest;MODE=PostgreSQL;DB_CLOSE_DELAY=-1]
Nov 12, 2025 10:29:32 AM org.hibernate.engine.jdbc.connections.internal.DriverManagerConnectionProviderImpl buildCreator
INFO: HHH10001001: Connection properties: {password=****, user=sa}
Nov 12, 2025 10:29:32 AM org.hibernate.engine.jdbc.connections.internal.DriverManagerConnectionProviderImpl buildCreator
INFO: HHH10001003: Autocommit mode: false
Nov 12, 2025 10:29:32 AM org.hibernate.engine.jdbc.connections.internal.DriverManagerConnectionProviderImpl$PooledConnections <init>
INFO: HHH10001115: Connection pool size: 20 (min=1)
Nov 12, 2025 10:29:32 AM org.hibernate.engine.transaction.jta.platform.internal.JtaPlatformInitiator initiateService
INFO: HHH000489: No JTA platform available (set 'hibernate.transaction.jta.platform' to enable JTA platform integration)
Nov 12, 2025 10:29:32 AM org.hibernate.resource.transaction.backend.jdbc.internal.DdlTransactionIsolatorNonJtaImpl getIsolatedConnection
INFO: HHH10001501: Connection obtained from JdbcConnectionAccess [org.hibernate.engine.jdbc.env.internal.JdbcEnvironmentInitiator$ConnectionProviderJdbcConnectionAccess@40c8067] for (non-JTA) DDL execution was not in auto-commit mode; the Connection 'local transaction' will be committed and the Connection will be set into auto-commit mode.
Nov 12, 2025 10:29:32 AM org.hibernate.resource.transaction.backend.jdbc.internal.DdlTransactionIsolatorNonJtaImpl getIsolatedConnection
INFO: HHH10001501: Connection obtained from JdbcConnectionAccess [org.hibernate.engine.jdbc.env.internal.JdbcEnvironmentInitiator$ConnectionProviderJdbcConnectionAccess@561f9d92] for (non-JTA) DDL execution was not in auto-commit mode; the Connection 'local transaction' will be committed and the Connection will be set into auto-commit mode.
]]></system-err>
  </testcase>
  <testcase name="listAllOk" classname="com.example.ejb.BeneficioEjbServiceTest" time="0.01"/>
  <testcase name="transferirSaldoInsuficiente" classname="com.example.ejb.BeneficioEjbServiceTest" time="0.008"/>
  <testcase name="transferirInativo" classname="com.example.ejb.BeneficioEjbServiceTest" time="0.006"/>
  <testcase name="creditarValorInvalido" classname="com.example.ejb.BeneficioEjbServiceTest" time="0.007"/>
  <testcase name="creditarOk" classname="com.example.ejb.BeneficioEjbServiceTest" time="0.008"/>
  <testcase name="debitarOk" classname="com.example.ejb.BeneficioEjbServiceTest" time="0.006"/>
  <testcase name="findByIdOk" classname="com.example.ejb.BeneficioEjbServiceTest" time="0.005"/>
  <testcase name="debitarInativo" classname="com.example.ejb.BeneficioEjbServiceTest" time="0.006"/>
  <testcase name="findByIdInexistente" classname="com.example.ejb.BeneficioEjbServiceTest" time="0.006"/>
  <testcase name="debitarSaldoInsuficiente" classname="com.example.ejb.BeneficioEjbServiceTest" time="0.008"/>
  <testcase name="transferirMesmaConta" classname="com.example.ejb.BeneficioEjbServiceTest" time="0.007"/>
  <testcase name="creditarInativo" classname="com.example.ejb.BeneficioEjbServiceTest" time="0.006"/>
</testsuite>