<?xml version="1.0" encoding="UTF-8"?>
<testsuite xmlns:xsi="http://www.w3.org/2001/XMLSchema-instance" xsi:noNamespaceSchemaLocation="https://maven.apache.org/surefire/maven-surefire-plugin/xsd/surefire-test-report-3.0.xsd" version="3.0" name="com.example.ejb.BeneficioEjbServiceConcurrencyTest" time="1.62" tests="3" errors="0" skipped="0" failures="0">
  <properties>
[...]
</properties>
  <testcase name="debitarConcorrenteNaoUltrapassaSaldo" classname="com.example.ejb.BeneficioEjbServiceConcurrencyTest" time="0.176">
    <system-out><![CDATA[Hibernate: 
    drop table if exists beneficio cascade 
Hibernate: 
    create table beneficio (
        ATIVO boolean,
        VALOR numeric(15,2) not null,
        ID bigint generated by default as identity,
        VERSION bigint,
        NOME varchar(100) not null,
        DESCRICAO varchar(255),
        primary key (ID)
    )
Hibernate: 
    insert 
    into
        beneficio
        (ATIVO,DESCRICAO,NOME,VALOR,VERSION,ID) 
    values
        (?,?,?,?,?,default)
Hibernate: 
    select
        b1_0.ID,
        b1_0.ATIVO,
        b1_0.DESCRICAO,
        b1_0.NOME,
        b1_0.VALOR,
        b1_0.VERSION 
    from
        beneficio b1_0 
    where
        b1_0.ID=? for update
Hibernate: 
    select
        b1_0.ID,
        b1_0.ATIVO,
        b1_0.DESCRICAO,
        b1_0.NOME,
        b1_0.VALOR,
        b1_0.VERSION 
    from
        beneficio b1_0 
    where
        b1_0.ID=? for update
Hibernate: 
    select
        b1_0.ID,
        b1_0.ATIVO,
        b1_0.DESCRICAO,
        b1_0.NOME,
        b1_0.VALOR,
        b1_0.VERSION 
    from
        beneficio b1_0 
    where
        b1_0.ID=? for update
Hibernate: 
    update
        beneficio 
    set
        ATIVO=?,
        DESCRICAO=?,
        NOME=?,
        VALOR=?,
        VERSION=? 
    where
        ID=? 
        and VERSION=?
]]></system-out>
    <system-err><![CDATA[Nov 12, 2025 5:12:33 PM org.hibernate.jpa.internal.util.LogHelper logPersistenceUnitInformation
INFO: HHH000204: Processing PersistenceUnitInfo [name: test-pu]
Nov 12, 2025 5:12:33 PM org.hibernate.Version logVersion
INFO: HHH000412: Hibernate ORM core version 6.2.13.Final
Nov 12, 2025 5:12:33 PM org.hibernate.cfg.Environment <clinit>
INFO: HHH000406: Using bytecode reflection optimizer
Nov 12, 2025 5:12:33 PM org.hibernate.engine.jdbc.connections.internal.DriverManagerConnectionProviderImpl configure
WARN: HHH10001002: Using built-in connection pool (not intended for production use)
Nov 12, 2025 5:12:33 PM org.hibernate.engine.jdbc.connections.internal.DriverManagerConnectionProviderImpl buildCreator
INFO: HHH10001005: Loaded JDBC driver class: org.h2.Driver
Nov 12, 2025 5:12:33 PM org.hibernate.engine.jdbc.connections.internal.DriverManagerConnectionProviderImpl buildCreator
INFO: HHH10001012: Connecting with JDBC URL [jdbc:h2:mem:ejbtest;MODE=PostgreSQL;DB_CLOSE_DELAY=-1]
Nov 12, 2025 5:12:33 PM org.hibernate.engine.jdbc.connections.internal.DriverManagerConnectionProviderImpl buildCreator
INFO: HHH10001001: Connection properties: {password=****, user=sa}
Nov 12, 2025 5:12:33 PM org.hibernate.engine.jdbc.connections.internal.DriverManagerConnectionProviderImpl buildCreator
INFO: HHH10001003: Autocommit mode: false
Nov 12, 2025 5:12:33 PM org.hibernate.engine.jdbc.connections.internal.DriverManagerConnectionProviderImpl$PooledConnections <init>
INFO: HHH10001115: Connection pool size: 20 (min=1)
Nov 12, 2025 5:12:33 PM org.hibernate.engine.jdbc.dialect.internal.DialectFactoryImpl constructDialect
WARN: HHH90000025: H2Dialect does not need to be specified explicitly using 'hibernate.dialect' (remove the property setting and it will be selected by default)
Nov 12, 2025 5:12:33 PM org.hibernate.resource.beans.spi.ManagedBeanRegistryInitiator resolveBeanContainer
INFO: HHH10005002: No explicit CDI BeanManager reference was passed to Hibernate, but CDI is available on the Hibernate ClassLoader.
Nov 12, 2025 5:12:34 PM org.hibernate.engine.transaction.jta.platform.internal.JtaPlatformInitiator initiateService
INFO: HHH000489: No JTA platform available (set 'hibernate.transaction.jta.platform' to enable JTA platform integration)
Nov 12, 2025 5:12:34 PM org.hibernate.resource.transaction.backend.jdbc.internal.DdlTransactionIsolatorNonJtaImpl getIsolatedConnection
INFO: HHH10001501: Connection obtained from JdbcConnectionAccess [org.hibernate.engine.jdbc.env.internal.JdbcEnvironmentInitiator$ConnectionProviderJdbcConnectionAccess@6467ddc7] for (non-JTA) DDL execution was not in auto-commit mode; the Connection 'local transaction' will be committed and the Connection will be set into auto-commit mode.
Nov 12, 2025 5:12:34 PM org.hibernate.resource.transaction.backend.jdbc.internal.DdlTransactionIsolatorNonJtaImpl getIsolatedConnection
INFO: HHH10001501: Connection obtained from JdbcConnectionAccess [org.hibernate.engine.jdbc.env.internal.JdbcEnvironmentInitiator$ConnectionProviderJdbcConnectionAccess@30a7653e] for (non-JTA) DDL execution was not in auto-commit mode; the Connection 'local transaction' will be committed and the Connection will be set into auto-commit mode.
]]></system-err>
  </testcase>
  <testcase name="transferirConcorrenteCruzadaSemDeadlock" classname="com.example.ejb.BeneficioEjbServiceConcurrencyTest" time="0.022">
    <system-out><![CDATA[Hibernate: 
    insert 
    into
        beneficio
        (ATIVO,DESCRICAO,NOME,VALOR,VERSION,ID) 
    values
        (?,?,?,?,?,default)
Hibernate: 
    insert 
    into
        beneficio
        (ATIVO,DESCRICAO,NOME,VALOR,VERSION,ID) 
    values
        (?,?,?,?,?,default)
Hibernate: 
    select
        b1_0.ID,
        b1_0.ATIVO,
        b1_0.DESCRICAO,
        b1_0.NOME,
        b1_0.VALOR,
        b1_0.VERSION 
    from
        beneficio b1_0 
    where
        b1_0.ID=? for update
Hibernate: 
    select
        b1_0.ID,
        b1_0.ATIVO,
        b1_0.DESCRICAO,
        b1_0.NOME,
        b1_0.VALOR,
        b1_0.VERSION 
    from
        beneficio b1_0 
    where
        b1_0.ID=? for update
Hibernate: 
    select
        b1_0.ID,
        b1_0.ATIVO,
        b1_0.DESCRICAO,
        b1_0.NOME,
        b1_0.VALOR,
        b1_0.VERSION 
    from
        beneficio b1_0 
    where
        b1_0.ID=? for update
Hibernate: 
    update
        beneficio 
    set
        ATIVO=?,
        DESCRICAO=?,
        NOME=?,
        VALOR=?,
        VERSION=? 
    where
        ID=? 
        and VERSION=?
Hibernate: 
    update
        beneficio 
    set
        ATIVO=?,
        DESCRICAO=?,
        NOME=?,
        VALOR=?,
        VERSION=? 
    where
        ID=? 
        and VERSION=?
Hibernate: 
    select
        b1_0.ID,
        b1_0.ATIVO,
        b1_0.DESCRICAO,
        b1_0.NOME,
        b1_0.VALOR,
        b1_0.VERSION 
    from
        beneficio b1_0 
    where
        b1_0.ID=? for update
Hibernate: 
    update
        beneficio 
    set
        ATIVO=?,
        DESCRICAO=?,
        NOME=?,
        VALOR=?,
        VERSION=? 
    where
        ID=? 
        and VERSION=?
Hibernate: 
    update
        beneficio 
    set
        ATIVO=?,
        DESCRICAO=?,
        NOME=?,
        VALOR=?,
        VERSION=? 
    where
        ID=? 
        and VERSION=?
]]></system-out>
  </testcase>
  <testcase name="transferirConcorrenteMesmaOrigemDestinosDiferentes" classname="com.example.ejb.BeneficioEjbServiceConcurrencyTest" time="0.017">
    <system-out><![CDATA[Hibernate: 
    insert 
    into
        beneficio
        (ATIVO,DESCRICAO,NOME,VALOR,VERSION,ID) 
    values
        (?,?,?,?,?,default)
Hibernate: 
    insert 
    into
        beneficio
        (ATIVO,DESCRICAO,NOME,VALOR,VERSION,ID) 
    values
        (?,?,?,?,?,default)
Hibernate: 
    insert 
    into
        beneficio
        (ATIVO,DESCRICAO,NOME,VALOR,VERSION,ID) 
    values
        (?,?,?,?,?,default)
Hibernate: 
    select
        b1_0.ID,
        b1_0.ATIVO,
        b1_0.DESCRICAO,
        b1_0.NOME,
        b1_0.VALOR,
        b1_0.VERSION 
    from
        beneficio b1_0 
    where
        b1_0.ID=? for update
Hibernate: 
    select
        b1_0.ID,
        b1_0.ATIVO,
        b1_0.DESCRICAO,
        b1_0.NOME,
        b1_0.VALOR,
        b1_0.VERSION 
    from
        beneficio b1_0 
    where
        b1_0.ID=? for update
Hibernate: 
    select
        b1_0.ID,
        b1_0.ATIVO,
        b1_0.DESCRICAO,
        b1_0.NOME,
        b1_0.VALOR,
        b1_0.VERSION 
    from
        beneficio b1_0 
    where
        b1_0.ID=? for update
Hibernate: 
    update
        beneficio 
    set
        ATIVO=?,
        DESCRICAO=?,
        NOME=?,
        VALOR=?,
        VERSION=? 
    where
        ID=? 
        and VERSION=?
Hibernate: 
    update
        beneficio 
    set
        ATIVO=?,
        DESCRICAO=?,
        NOME=?,
        VALOR=?,
        VERSION=? 
    where
        ID=? 
        and VERSION=?
Hibernate: 
    select
        b1_0.ID,
        b1_0.ATIVO,
        b1_0.DESCRICAO,
        b1_0.NOME,
        b1_0.VALOR,
        b1_0.VERSION 
    from
        beneficio b1_0 
    where
        b1_0.ID=? for update
]]></system-out>
  </testcase>
</testsuite>